<?xml version="1.0" encoding="UTF-8"?>
<!-- Generated by org.testng.reporters.JUnitReportReporter -->
<testsuite hostname="Nana-PC" failures="0" tests="1" name="com.SwadeshMart.Testcases.LoginTestCRM" time="16.972" errors="0" timestamp="2021-02-03T15:29:28 IST" skipped="0">
  <testcase classname="com.SwadeshMart.Testcases.LoginTestCRM" name="LoginApp" time="16.972"/>
  <system-out/>
</testsuite> <!-- com.SwadeshMart.Testcases.LoginTestCRM -->
